TN:
SF:C:\Users\robin\WebstormProjects\angular-gitlab-heroku\src\polyfills.ts
FNF:0
FNH:0
LF:0
LH:0
BRF:0
BRH:0
end_of_record
TN:
SF:C:\Users\robin\WebstormProjects\angular-gitlab-heroku\src\test.ts
FNF:0
FNH:0
DA:13,1
DA:18,1
DA:20,1
LF:3
LH:3
BRF:0
BRH:0
end_of_record
TN:
SF:C:\Users\robin\WebstormProjects\angular-gitlab-heroku\src\app\about\usecases\usecases.component.ts
FN:40,(anonymous_0)
FN:42,(anonymous_1)
FNF:2
FNH:0
FNDA:0,(anonymous_0)
FNDA:0,(anonymous_1)
DA:10,1
DA:11,0
DA:36,0
DA:38,0
LF:4
LH:1
BRF:0
BRH:0
end_of_record
TN:
SF:C:\Users\robin\WebstormProjects\angular-gitlab-heroku\src\app\about\usecases\usecase\usecase.component.ts
FN:46,(anonymous_0)
FN:48,(anonymous_1)
FNF:2
FNH:0
FNDA:0,(anonymous_0)
FNDA:0,(anonymous_1)
DA:43,1
DA:44,1
LF:2
LH:2
BRF:0
BRH:0
end_of_record
TN:
SF:C:\Users\robin\WebstormProjects\angular-gitlab-heroku\src\app\about\usecases\usecase-details\usecase-details.component.ts
FN:13,(anonymous_0)
FN:15,(anonymous_1)
FNF:2
FNH:2
FNDA:1,(anonymous_0)
FNDA:1,(anonymous_1)
DA:10,1
DA:11,1
LF:2
LH:2
BRF:0
BRH:0
end_of_record
TN:
SF:C:\Users\robin\WebstormProjects\angular-gitlab-heroku\src\app\core\app\app.component.ts
FN:3,(anonymous_0)
FNF:1
FNH:0
FNDA:0,(anonymous_0)
DA:8,1
DA:9,0
LF:2
LH:1
BRF:0
BRH:0
end_of_record
TN:
SF:C:\Users\robin\WebstormProjects\angular-gitlab-heroku\src\app\core\dashboard\dashboard.component.ts
FN:9,(anonymous_0)
FN:11,(anonymous_1)
FNF:2
FNH:2
FNDA:1,(anonymous_0)
FNDA:1,(anonymous_1)
DA:8,1
LF:1
LH:1
BRF:0
BRH:0
end_of_record
TN:
SF:C:\Users\robin\WebstormProjects\angular-gitlab-heroku\src\app\core\navbar\navbar.component.ts
FN:3,(anonymous_0)
FNF:1
FNH:0
FNDA:0,(anonymous_0)
DA:95,1
DA:96,1
DA:97,0
LF:3
LH:2
BRF:0
BRH:0
end_of_record
